0 info it worked if it ends with ok
1 verbose cli [ 'node',
1 verbose cli   '/usr/local/bin/npm',
1 verbose cli   'install',
1 verbose cli   '-g',
1 verbose cli   'generator-angularjs',
1 verbose cli   'generator-bootstrap',
1 verbose cli   'generator-shower',
1 verbose cli   'generator-webapp',
1 verbose cli   'generator-mocha' ]
2 info using npm@2.8.3
3 info using node@v0.12.2
4 verbose install initial load of /usr/local/lib/package.json
5 verbose readDependencies loading dependencies from /usr/local/lib/package.json
6 silly cache add args [ 'generator-angularjs', null ]
7 verbose cache add spec generator-angularjs
8 silly cache add args [ 'generator-bootstrap', null ]
9 verbose cache add spec generator-bootstrap
10 silly cache add args [ 'generator-shower', null ]
11 verbose cache add spec generator-shower
12 silly cache add args [ 'generator-webapp', null ]
13 verbose cache add spec generator-webapp
14 silly cache add args [ 'generator-mocha', null ]
15 verbose cache add spec generator-mocha
16 silly cache add parsed spec { raw: 'generator-angularjs',
16 silly cache add   scope: null,
16 silly cache add   name: 'generator-angularjs',
16 silly cache add   rawSpec: '',
16 silly cache add   spec: '*',
16 silly cache add   type: 'range' }
17 silly addNamed generator-angularjs@*
18 verbose addNamed "*" is a valid semver range for generator-angularjs
19 silly addNameRange { name: 'generator-angularjs', range: '*', hasData: false }
20 silly mapToRegistry name generator-angularjs
21 silly mapToRegistry using default registry
22 silly mapToRegistry registry https://registry.npmjs.org/
23 silly mapToRegistry uri https://registry.npmjs.org/generator-angularjs
24 verbose addNameRange registry:https://registry.npmjs.org/generator-angularjs not in flight; fetching
25 silly cache add parsed spec { raw: 'generator-bootstrap',
25 silly cache add   scope: null,
25 silly cache add   name: 'generator-bootstrap',
25 silly cache add   rawSpec: '',
25 silly cache add   spec: '*',
25 silly cache add   type: 'range' }
26 silly addNamed generator-bootstrap@*
27 verbose addNamed "*" is a valid semver range for generator-bootstrap
28 silly addNameRange { name: 'generator-bootstrap', range: '*', hasData: false }
29 silly mapToRegistry name generator-bootstrap
30 silly mapToRegistry using default registry
31 silly mapToRegistry registry https://registry.npmjs.org/
32 silly mapToRegistry uri https://registry.npmjs.org/generator-bootstrap
33 verbose addNameRange registry:https://registry.npmjs.org/generator-bootstrap not in flight; fetching
34 silly cache add parsed spec { raw: 'generator-shower',
34 silly cache add   scope: null,
34 silly cache add   name: 'generator-shower',
34 silly cache add   rawSpec: '',
34 silly cache add   spec: '*',
34 silly cache add   type: 'range' }
35 silly addNamed generator-shower@*
36 verbose addNamed "*" is a valid semver range for generator-shower
37 silly addNameRange { name: 'generator-shower', range: '*', hasData: false }
38 silly mapToRegistry name generator-shower
39 silly mapToRegistry using default registry
40 silly mapToRegistry registry https://registry.npmjs.org/
41 silly mapToRegistry uri https://registry.npmjs.org/generator-shower
42 verbose addNameRange registry:https://registry.npmjs.org/generator-shower not in flight; fetching
43 silly cache add parsed spec { raw: 'generator-webapp',
43 silly cache add   scope: null,
43 silly cache add   name: 'generator-webapp',
43 silly cache add   rawSpec: '',
43 silly cache add   spec: '*',
43 silly cache add   type: 'range' }
44 silly addNamed generator-webapp@*
45 verbose addNamed "*" is a valid semver range for generator-webapp
46 silly addNameRange { name: 'generator-webapp', range: '*', hasData: false }
47 silly mapToRegistry name generator-webapp
48 silly mapToRegistry using default registry
49 silly mapToRegistry registry https://registry.npmjs.org/
50 silly mapToRegistry uri https://registry.npmjs.org/generator-webapp
51 verbose addNameRange registry:https://registry.npmjs.org/generator-webapp not in flight; fetching
52 silly cache add parsed spec { raw: 'generator-mocha',
52 silly cache add   scope: null,
52 silly cache add   name: 'generator-mocha',
52 silly cache add   rawSpec: '',
52 silly cache add   spec: '*',
52 silly cache add   type: 'range' }
53 silly addNamed generator-mocha@*
54 verbose addNamed "*" is a valid semver range for generator-mocha
55 silly addNameRange { name: 'generator-mocha', range: '*', hasData: false }
56 silly mapToRegistry name generator-mocha
57 silly mapToRegistry using default registry
58 silly mapToRegistry registry https://registry.npmjs.org/
59 silly mapToRegistry uri https://registry.npmjs.org/generator-mocha
60 verbose addNameRange registry:https://registry.npmjs.org/generator-mocha not in flight; fetching
61 verbose request uri https://registry.npmjs.org/generator-angularjs
62 verbose request no auth needed
63 info attempt registry request try #1 at 03:53:15
64 verbose request id d128b12b48dcaa91
65 verbose etag "DN6PDUURZ35JCYY9FDMDHWXEN"
66 http request GET https://registry.npmjs.org/generator-angularjs
67 verbose request uri https://registry.npmjs.org/generator-bootstrap
68 verbose request no auth needed
69 info attempt registry request try #1 at 03:53:15
70 verbose etag "4IYAJ1HL8489OZW1L2GQI0H6L"
71 http request GET https://registry.npmjs.org/generator-bootstrap
72 verbose request uri https://registry.npmjs.org/generator-webapp
73 verbose request no auth needed
74 info attempt registry request try #1 at 03:53:15
75 verbose etag "6FSNF9IGXB6IN8KBB2INCMXJ7"
76 http request GET https://registry.npmjs.org/generator-webapp
77 verbose request uri https://registry.npmjs.org/generator-mocha
78 verbose request no auth needed
79 info attempt registry request try #1 at 03:53:16
80 verbose etag "4MG1NM5P4WCWKBY3PKY7PZ03P"
81 http request GET https://registry.npmjs.org/generator-mocha
82 verbose request uri https://registry.npmjs.org/generator-shower
83 verbose request no auth needed
84 info attempt registry request try #1 at 03:53:16
85 verbose etag "ULCOVIPJGF3UNXTPP46B3AYD"
86 http request GET https://registry.npmjs.org/generator-shower
87 http 200 https://registry.npmjs.org/generator-mocha
88 silly get cb [ 200,
88 silly get   { server: 'CouchDB/1.5.0 (Erlang OTP/R16B03)',
88 silly get     etag: '"47QICQQQPBN2WVGV35L19B8T5"',
88 silly get     'content-type': 'application/json',
88 silly get     'cache-control': 'max-age=60',
88 silly get     'content-length': '13937',
88 silly get     'accept-ranges': 'bytes',
88 silly get     date: 'Wed, 08 Jul 2015 01:53:16 GMT',
88 silly get     via: '1.1 varnish',
88 silly get     age: '0',
88 silly get     connection: 'keep-alive',
88 silly get     'x-served-by': 'cache-fra1241-FRA',
88 silly get     'x-cache': 'MISS',
88 silly get     'x-cache-hits': '0',
88 silly get     'x-timer': 'S1436320396.146008,VS0,VE175',
88 silly get     vary: 'Accept' } ]
89 verbose get saving generator-mocha to /home/fxdapokalypse/.npm/registry.npmjs.org/generator-mocha/.cache.json
90 silly addNameRange number 2 { name: 'generator-mocha', range: '*', hasData: true }
91 silly addNameRange versions [ 'generator-mocha',
91 silly addNameRange   [ '0.1.0',
91 silly addNameRange     '0.1.1',
91 silly addNameRange     '0.1.2',
91 silly addNameRange     '0.1.3',
91 silly addNameRange     '0.1.4',
91 silly addNameRange     '0.1.5',
91 silly addNameRange     '0.1.6',
91 silly addNameRange     '0.1.7',
91 silly addNameRange     '0.1.8',
91 silly addNameRange     '0.2.0' ] ]
92 silly addNamed generator-mocha@0.2.0
93 verbose addNamed "0.2.0" is a plain semver version for generator-mocha
94 silly mapToRegistry name generator-mocha
95 silly mapToRegistry using default registry
96 silly mapToRegistry registry https://registry.npmjs.org/
97 silly mapToRegistry uri https://registry.npmjs.org/generator-mocha
98 verbose addRemoteTarball https://registry.npmjs.org/generator-mocha/-/generator-mocha-0.2.0.tgz not in flight; adding
99 verbose addRemoteTarball [ 'https://registry.npmjs.org/generator-mocha/-/generator-mocha-0.2.0.tgz',
99 verbose addRemoteTarball   '5cfb28a71849818f2de7947eea346ea6c7f8fc58' ]
100 info retry fetch attempt 1 at 03:53:16
101 info attempt registry request try #1 at 03:53:16
102 http fetch GET https://registry.npmjs.org/generator-mocha/-/generator-mocha-0.2.0.tgz
103 http 304 https://registry.npmjs.org/generator-bootstrap
104 silly get cb [ 304,
104 silly get   { date: 'Wed, 08 Jul 2015 01:53:16 GMT',
104 silly get     via: '1.1 varnish',
104 silly get     'cache-control': 'max-age=60',
104 silly get     etag: '"4IYAJ1HL8489OZW1L2GQI0H6L"',
104 silly get     age: '0',
104 silly get     connection: 'keep-alive',
104 silly get     'x-served-by': 'cache-fra1228-FRA',
104 silly get     'x-cache': 'MISS',
104 silly get     'x-cache-hits': '0',
104 silly get     'x-timer': 'S1436320396.133107,VS0,VE493',
104 silly get     vary: 'Accept' } ]
105 verbose etag https://registry.npmjs.org/generator-bootstrap from cache
106 verbose get saving generator-bootstrap to /home/fxdapokalypse/.npm/registry.npmjs.org/generator-bootstrap/.cache.json
107 silly addNameRange number 2 { name: 'generator-bootstrap', range: '*', hasData: true }
108 silly addNameRange versions [ 'generator-bootstrap',
108 silly addNameRange   [ '0.1.0-beta.1',
108 silly addNameRange     '0.1.0',
108 silly addNameRange     '0.1.1',
108 silly addNameRange     '0.1.2',
108 silly addNameRange     '0.1.3',
108 silly addNameRange     '0.1.4',
108 silly addNameRange     '0.1.5',
108 silly addNameRange     '0.1.6',
108 silly addNameRange     '0.2.0',
108 silly addNameRange     '0.2.1' ] ]
109 silly addNamed generator-bootstrap@0.2.1
110 verbose addNamed "0.2.1" is a plain semver version for generator-bootstrap
111 http 304 https://registry.npmjs.org/generator-shower
112 silly get cb [ 304,
112 silly get   { date: 'Wed, 08 Jul 2015 01:53:16 GMT',
112 silly get     via: '1.1 varnish',
112 silly get     'cache-control': 'max-age=60',
112 silly get     etag: '"ULCOVIPJGF3UNXTPP46B3AYD"',
112 silly get     age: '0',
112 silly get     connection: 'keep-alive',
112 silly get     'x-served-by': 'cache-fra1236-FRA',
112 silly get     'x-cache': 'MISS',
112 silly get     'x-cache-hits': '0',
112 silly get     'x-timer': 'S1436320396.159980,VS0,VE505',
112 silly get     vary: 'Accept' } ]
113 verbose etag https://registry.npmjs.org/generator-shower from cache
114 verbose get saving generator-shower to /home/fxdapokalypse/.npm/registry.npmjs.org/generator-shower/.cache.json
115 silly addNameRange number 2 { name: 'generator-shower', range: '*', hasData: true }
116 silly addNameRange versions [ 'generator-shower',
116 silly addNameRange   [ '0.0.1',
116 silly addNameRange     '0.0.2',
116 silly addNameRange     '0.1.0',
116 silly addNameRange     '0.1.1',
116 silly addNameRange     '0.1.2',
116 silly addNameRange     '0.1.3',
116 silly addNameRange     '0.1.4',
116 silly addNameRange     '0.1.6',
116 silly addNameRange     '0.2.0',
116 silly addNameRange     '0.2.2',
116 silly addNameRange     '0.2.3',
116 silly addNameRange     '0.2.4' ] ]
117 silly addNamed generator-shower@0.2.4
118 verbose addNamed "0.2.4" is a plain semver version for generator-shower
119 silly cache afterAdd generator-bootstrap@0.2.1
120 verbose afterAdd /home/fxdapokalypse/.npm/generator-bootstrap/0.2.1/package/package.json not in flight; writing
121 verbose afterAdd /home/fxdapokalypse/.npm/generator-bootstrap/0.2.1/package/package.json written
122 silly cache afterAdd generator-shower@0.2.4
123 verbose afterAdd /home/fxdapokalypse/.npm/generator-shower/0.2.4/package/package.json not in flight; writing
124 verbose afterAdd /home/fxdapokalypse/.npm/generator-shower/0.2.4/package/package.json written
125 http 304 https://registry.npmjs.org/generator-angularjs
126 silly get cb [ 304,
126 silly get   { date: 'Wed, 08 Jul 2015 01:53:16 GMT',
126 silly get     via: '1.1 varnish',
126 silly get     'cache-control': 'max-age=60',
126 silly get     etag: '"DN6PDUURZ35JCYY9FDMDHWXEN"',
126 silly get     age: '0',
126 silly get     connection: 'keep-alive',
126 silly get     'x-served-by': 'cache-fra1232-FRA',
126 silly get     'x-cache': 'MISS',
126 silly get     'x-cache-hits': '0',
126 silly get     'x-timer': 'S1436320396.128317,VS0,VE710',
126 silly get     vary: 'Accept' } ]
127 verbose etag https://registry.npmjs.org/generator-angularjs from cache
128 verbose get saving generator-angularjs to /home/fxdapokalypse/.npm/registry.npmjs.org/generator-angularjs/.cache.json
129 silly addNameRange number 2 { name: 'generator-angularjs', range: '*', hasData: true }
130 silly addNameRange versions [ 'generator-angularjs', [ '1.0.0' ] ]
131 silly addNamed generator-angularjs@1.0.0
132 verbose addNamed "1.0.0" is a plain semver version for generator-angularjs
133 silly cache afterAdd generator-angularjs@1.0.0
134 verbose afterAdd /home/fxdapokalypse/.npm/generator-angularjs/1.0.0/package/package.json not in flight; writing
135 verbose afterAdd /home/fxdapokalypse/.npm/generator-angularjs/1.0.0/package/package.json written
136 http fetch 200 https://registry.npmjs.org/generator-mocha/-/generator-mocha-0.2.0.tgz
137 silly fetchAndShaCheck shasum 5cfb28a71849818f2de7947eea346ea6c7f8fc58
138 verbose addTmpTarball /tmp/npm-10945-422b8e51/registry.npmjs.org/generator-mocha/-/generator-mocha-0.2.0.tgz not in flight; adding
139 verbose addTmpTarball already have metadata; skipping unpack for generator-mocha@0.2.0
140 silly cache afterAdd generator-mocha@0.2.0
141 verbose afterAdd /home/fxdapokalypse/.npm/generator-mocha/0.2.0/package/package.json not in flight; writing
142 verbose afterAdd /home/fxdapokalypse/.npm/generator-mocha/0.2.0/package/package.json written
143 http 200 https://registry.npmjs.org/generator-webapp
144 silly get cb [ 200,
144 silly get   { server: 'CouchDB/1.5.0 (Erlang OTP/R16B03)',
144 silly get     etag: '"4WKO4U0NSPFOY04OSX83QKYPK"',
144 silly get     'content-type': 'application/json',
144 silly get     'cache-control': 'max-age=60',
144 silly get     'content-length': '54625',
144 silly get     'accept-ranges': 'bytes',
144 silly get     date: 'Wed, 08 Jul 2015 01:53:17 GMT',
144 silly get     via: '1.1 varnish',
144 silly get     age: '0',
144 silly get     connection: 'keep-alive',
144 silly get     'x-served-by': 'cache-fra1231-FRA',
144 silly get     'x-cache': 'MISS',
144 silly get     'x-cache-hits': '0',
144 silly get     'x-timer': 'S1436320396.137442,VS0,VE1014',
144 silly get     vary: 'Accept' } ]
145 verbose get saving generator-webapp to /home/fxdapokalypse/.npm/registry.npmjs.org/generator-webapp/.cache.json
146 silly addNameRange number 2 { name: 'generator-webapp', range: '*', hasData: true }
147 silly addNameRange versions [ 'generator-webapp',
147 silly addNameRange   [ '0.1.0',
147 silly addNameRange     '0.1.1',
147 silly addNameRange     '0.1.2',
147 silly addNameRange     '0.1.3',
147 silly addNameRange     '0.1.4',
147 silly addNameRange     '0.1.5',
147 silly addNameRange     '0.1.6',
147 silly addNameRange     '0.1.7',
147 silly addNameRange     '0.2.0',
147 silly addNameRange     '0.2.1',
147 silly addNameRange     '0.2.2',
147 silly addNameRange     '0.2.3',
147 silly addNameRange     '0.2.4',
147 silly addNameRange     '0.2.5',
147 silly addNameRange     '0.2.6',
147 silly addNameRange     '0.2.7',
147 silly addNameRange     '0.3.0',
147 silly addNameRange     '0.3.1',
147 silly addNameRange     '0.4.0',
147 silly addNameRange     '0.4.1',
147 silly addNameRange     '0.4.2',
147 silly addNameRange     '0.4.3',
147 silly addNameRange     '0.4.4',
147 silly addNameRange     '0.4.5',
147 silly addNameRange     '0.4.6',
147 silly addNameRange     '0.4.7',
147 silly addNameRange     '0.4.8',
147 silly addNameRange     '0.4.9',
147 silly addNameRange     '0.5.0-1',
147 silly addNameRange     '0.5.0-rc.1',
147 silly addNameRange     '0.5.0-2',
147 silly addNameRange     '0.5.0',
147 silly addNameRange     '0.5.1',
147 silly addNameRange     '0.6.0',
147 silly addNameRange     '0.6.1',
147 silly addNameRange     '0.6.2',
147 silly addNameRange     '1.0.0',
147 silly addNameRange     '1.0.1' ] ]
148 silly addNamed generator-webapp@1.0.1
149 verbose addNamed "1.0.1" is a plain semver version for generator-webapp
150 silly mapToRegistry name generator-webapp
151 silly mapToRegistry using default registry
152 silly mapToRegistry registry https://registry.npmjs.org/
153 silly mapToRegistry uri https://registry.npmjs.org/generator-webapp
154 verbose addRemoteTarball https://registry.npmjs.org/generator-webapp/-/generator-webapp-1.0.1.tgz not in flight; adding
155 verbose addRemoteTarball [ 'https://registry.npmjs.org/generator-webapp/-/generator-webapp-1.0.1.tgz',
155 verbose addRemoteTarball   '00d92be01f6da8b52ef578ca150255735eac40f5' ]
156 info retry fetch attempt 1 at 03:53:17
157 info attempt registry request try #1 at 03:53:17
158 http fetch GET https://registry.npmjs.org/generator-webapp/-/generator-webapp-1.0.1.tgz
159 http fetch 200 https://registry.npmjs.org/generator-webapp/-/generator-webapp-1.0.1.tgz
160 silly fetchAndShaCheck shasum 00d92be01f6da8b52ef578ca150255735eac40f5
161 verbose addTmpTarball /tmp/npm-10945-422b8e51/registry.npmjs.org/generator-webapp/-/generator-webapp-1.0.1.tgz not in flight; adding
162 verbose addTmpTarball already have metadata; skipping unpack for generator-webapp@1.0.1
163 silly cache afterAdd generator-webapp@1.0.1
164 verbose afterAdd /home/fxdapokalypse/.npm/generator-webapp/1.0.1/package/package.json not in flight; writing
165 verbose afterAdd /home/fxdapokalypse/.npm/generator-webapp/1.0.1/package/package.json written
166 silly install resolved [ { name: 'generator-bootstrap',
166 silly install resolved     version: '0.2.1',
166 silly install resolved     description: 'Yeoman generator for Bootstrap',
166 silly install resolved     keywords:
166 silly install resolved      [ 'yeoman-generator',
166 silly install resolved        'framework',
166 silly install resolved        'component',
166 silly install resolved        'bootstrap',
166 silly install resolved        'ui',
166 silly install resolved        'css',
166 silly install resolved        'sass',
166 silly install resolved        'less' ],
166 silly install resolved     author: { name: 'The Yeoman Team' },
166 silly install resolved     main: 'app/index.js',
166 silly install resolved     repository:
166 silly install resolved      { type: 'git',
166 silly install resolved        url: 'git://github.com/yeoman/generator-bootstrap.git' },
166 silly install resolved     scripts: { test: 'mocha' },
166 silly install resolved     dependencies: { 'yeoman-generator': '^0.18.9' },
166 silly install resolved     devDependencies: { mocha: '*' },
166 silly install resolved     peerDependencies: { yo: '>=1.0.0' },
166 silly install resolved     engines: { node: '>=0.10.0', npm: '>=1.2.10' },
166 silly install resolved     licenses: [ [Object] ],
166 silly install resolved     gitHead: '60662f639b72587284f06b17f136c3a0b0f02448',
166 silly install resolved     bugs: { url: 'https://github.com/yeoman/generator-bootstrap/issues' },
166 silly install resolved     homepage: 'https://github.com/yeoman/generator-bootstrap',
166 silly install resolved     _id: 'generator-bootstrap@0.2.1',
166 silly install resolved     _shasum: '71ae38da8bd0844ab07e0782593be67e375441ba',
166 silly install resolved     _from: 'generator-bootstrap@*',
166 silly install resolved     _npmVersion: '1.4.23',
166 silly install resolved     _npmUser: { name: 'addyosmani', email: 'addyosmani@gmail.com' },
166 silly install resolved     maintainers:
166 silly install resolved      [ [Object],
166 silly install resolved        [Object],
166 silly install resolved        [Object],
166 silly install resolved        [Object],
166 silly install resolved        [Object],
166 silly install resolved        [Object],
166 silly install resolved        [Object],
166 silly install resolved        [Object] ],
166 silly install resolved     dist:
166 silly install resolved      { shasum: '71ae38da8bd0844ab07e0782593be67e375441ba',
166 silly install resolved        tarball: 'http://registry.npmjs.org/generator-bootstrap/-/generator-bootstrap-0.2.1.tgz' },
166 silly install resolved     directories: {},
166 silly install resolved     _resolved: 'https://registry.npmjs.org/generator-bootstrap/-/generator-bootstrap-0.2.1.tgz',
166 silly install resolved     readme: 'ERROR: No README data found!' },
166 silly install resolved   { name: 'generator-shower',
166 silly install resolved     version: '0.2.4',
166 silly install resolved     description: 'Yeoman generator',
166 silly install resolved     license: 'MIT',
166 silly install resolved     main: 'app/index.js',
166 silly install resolved     repository:
166 silly install resolved      { type: 'git',
166 silly install resolved        url: 'git://github.com/kcherkashin/generator-shower.git' },
166 silly install resolved     author:
166 silly install resolved      { name: 'Kirill Cherkashin',
166 silly install resolved        email: 'kirill@kcherkashin.org',
166 silly install resolved        url: 'https://github.com/kcherkashin' },
166 silly install resolved     engines: { node: '>=0.10.0' },
166 silly install resolved     scripts: { test: 'mocha' },
166 silly install resolved     keywords: [ 'yeoman-generator', 'shower', 'presentation', 'slides' ],
166 silly install resolved     dependencies:
166 silly install resolved      { 'yeoman-generator': '~0.16.0',
166 silly install resolved        chalk: '~0.4.0',
166 silly install resolved        shelljs: '~0.2.6' },
166 silly install resolved     devDependencies: { mocha: '*' },
166 silly install resolved     peerDependencies: { yo: '>=1.0.0' },
166 silly install resolved     bugs: { url: 'https://github.com/kcherkashin/generator-shower/issues' },
166 silly install resolved     _id: 'generator-shower@0.2.4',
166 silly install resolved     dist:
166 silly install resolved      { shasum: '93be8b00f396b80955bb042ce1c24404d9a1b876',
166 silly install resolved        tarball: 'http://registry.npmjs.org/generator-shower/-/generator-shower-0.2.4.tgz' },
166 silly install resolved     _from: 'generator-shower@*',
166 silly install resolved     _npmVersion: '1.3.11',
166 silly install resolved     _npmUser: { name: 'kcherkashin', email: 'kirill@kcherkashin.org' },
166 silly install resolved     maintainers: [ [Object], [Object] ],
166 silly install resolved     directories: {},
166 silly install resolved     _shasum: '93be8b00f396b80955bb042ce1c24404d9a1b876',
166 silly install resolved     _resolved: 'https://registry.npmjs.org/generator-shower/-/generator-shower-0.2.4.tgz',
166 silly install resolved     readme: 'ERROR: No README data found!',
166 silly install resolved     homepage: 'https://github.com/kcherkashin/generator-shower#readme' },
166 silly install resolved   { name: 'generator-angularjs',
166 silly install resolved     version: '1.0.0',
166 silly install resolved     description: 'A generator for AngularJS apps',
166 silly install resolved     keywords:
166 silly install resolved      [ 'yeoman-generator',
166 silly install resolved        'angularjs-generator',
166 silly install resolved        'angular',
166 silly install resolved        'angularjs',
166 silly install resolved        'karma',
166 silly install resolved        'amd',
166 silly install resolved        'modules',
166 silly install resolved        'require.js',
166 silly install resolved        'r.js',
166 silly install resolved        'mocha' ],
166 silly install resolved     homepage: 'https://github.com/slatkovic/generator-angularjs',
166 silly install resolved     bugs: { url: 'https://github.com/slatkovic/generator-angularjs/issues' },
166 silly install resolved     author:
166 silly install resolved      { name: 'Stipe Ivan Latkovic',
166 silly install resolved        email: 'slatkovi@gmail.com',
166 silly install resolved        url: 'https://github.com/slatkovic' },
166 silly install resolved     main: 'app/index.js',
166 silly install resolved     repository:
166 silly install resolved      { type: 'git',
166 silly install resolved        url: 'git://github.com/slatkovic/generator-angularjs.git' },
166 silly install resolved     scripts: { test: 'mocha' },
166 silly install resolved     dependencies: { 'yeoman-generator': '~0.14.0' },
166 silly install resolved     devDependencies: { mocha: '~1.14.0' },
166 silly install resolved     peerDependencies: { yo: '>=1.0.0' },
166 silly install resolved     engines: { node: '>=0.8.0', npm: '>=1.2.10' },
166 silly install resolved     licenses: [ [Object] ],
166 silly install resolved     _id: 'generator-angularjs@1.0.0',
166 silly install resolved     dist:
166 silly install resolved      { shasum: 'b16d95ab50171060c2dd04ad3dd2a15d05d3e49c',
166 silly install resolved        tarball: 'http://registry.npmjs.org/generator-angularjs/-/generator-angularjs-1.0.0.tgz' },
166 silly install resolved     _from: 'generator-angularjs@*',
166 silly install resolved     _npmVersion: '1.3.21',
166 silly install resolved     _npmUser: { name: 'slatkovi', email: 'slatkovi@gmail.com' },
166 silly install resolved     maintainers: [ [Object] ],
166 silly install resolved     directories: {},
166 silly install resolved     _shasum: 'b16d95ab50171060c2dd04ad3dd2a15d05d3e49c',
166 silly install resolved     _resolved: 'https://registry.npmjs.org/generator-angularjs/-/generator-angularjs-1.0.0.tgz',
166 silly install resolved     readme: 'ERROR: No README data found!' },
166 silly install resolved   { name: 'generator-mocha',
166 silly install resolved     version: '0.2.0',
166 silly install resolved     description: 'Yeoman generator for Mocha',
166 silly install resolved     license: 'BSD',
166 silly install resolved     repository:
166 silly install resolved      { type: 'git',
166 silly install resolved        url: 'git+https://github.com/yeoman/generator-mocha.git' },
166 silly install resolved     author: { name: 'The Yeoman Team' },
166 silly install resolved     engines: { node: '>=0.10.0' },
166 silly install resolved     scripts: { test: 'mocha' },
166 silly install resolved     files: [ 'generators' ],
166 silly install resolved     keywords:
166 silly install resolved      [ 'yeoman-generator',
166 silly install resolved        'scaffold',
166 silly install resolved        'unit',
166 silly install resolved        'test',
166 silly install resolved        'testing',
166 silly install resolved        'bdd',
166 silly install resolved        'tdd',
166 silly install resolved        'mocha' ],
166 silly install resolved     dependencies: { 'yeoman-generator': '^0.19.2' },
166 silly install resolved     devDependencies: { mocha: '*' },
166 silly install resolved     gitHead: '0a9472822fa6203a74e17f7c550dfee21e65b8c1',
166 silly install resolved     bugs: { url: 'https://github.com/yeoman/generator-mocha/issues' },
166 silly install resolved     homepage: 'https://github.com/yeoman/generator-mocha#readme',
166 silly install resolved     _id: 'generator-mocha@0.2.0',
166 silly install resolved     _shasum: '5cfb28a71849818f2de7947eea346ea6c7f8fc58',
166 silly install resolved     _from: 'generator-mocha@*',
166 silly install resolved     _npmVersion: '2.9.1',
166 silly install resolved     _nodeVersion: '0.12.3',
166 silly install resolved     _npmUser: { name: 'silvenon', email: 'matija.marohnic@gmail.com' },
166 silly install resolved     dist:
166 silly install resolved      { shasum: '5cfb28a71849818f2de7947eea346ea6c7f8fc58',
166 silly install resolved        tarball: 'http://registry.npmjs.org/generator-mocha/-/generator-mocha-0.2.0.tgz' },
166 silly install resolved     maintainers: [ [Object], [Object], [Object], [Object], [Object], [Object] ],
166 silly install resolved     directories: {},
166 silly install resolved     _resolved: 'https://registry.npmjs.org/generator-mocha/-/generator-mocha-0.2.0.tgz' },
166 silly install resolved   { name: 'generator-webapp',
166 silly install resolved     version: '1.0.1',
166 silly install resolved     description: 'Scaffold out a front-end web app',
166 silly install resolved     license: 'BSD',
166 silly install resolved     repository:
166 silly install resolved      { type: 'git',
166 silly install resolved        url: 'git+https://github.com/yeoman/generator-webapp.git' },
166 silly install resolved     author: { name: 'Yeoman' },
166 silly install resolved     main: 'app/index.js',
166 silly install resolved     scripts: { test: 'mocha --reporter spec' },
166 silly install resolved     files: [ 'app' ],
166 silly install resolved     keywords:
166 silly install resolved      [ 'yeoman-generator',
166 silly install resolved        'web',
166 silly install resolved        'app',
166 silly install resolved        'front-end',
166 silly install resolved        'h5bp',
166 silly install resolved        'modernizr',
166 silly install resolved        'jquery',
166 silly install resolved        'grunt' ],
166 silly install resolved     dependencies:
166 silly install resolved      { chalk: '^1.0.0',
166 silly install resolved        'generator-jasmine': '^0.2.0',
166 silly install resolved        'generator-mocha': '^0.2.0',
166 silly install resolved        mkdirp: '^0.5.1',
166 silly install resolved        'underscore.string': '^3.1.1',
166 silly install resolved        wiredep: '^2.2.2',
166 silly install resolved        'yeoman-generator': '^0.20.1',
166 silly install resolved        yosay: '^1.0.4' },
166 silly install resolved     devDependencies: { 'grunt-cli': '^0.1.13', mocha: '*', 'yeoman-assert': '^2.0.0' },
166 silly install resolved     gitHead: '79b524e1dea218f79225cdd656f8bd8b099840a0',
166 silly install resolved     bugs: { url: 'https://github.com/yeoman/generator-webapp/issues' },
166 silly install resolved     homepage: 'https://github.com/yeoman/generator-webapp#readme',
166 silly install resolved     _id: 'generator-webapp@1.0.1',
166 silly install resolved     _shasum: '00d92be01f6da8b52ef578ca150255735eac40f5',
166 silly install resolved     _from: 'generator-webapp@*',
166 silly install resolved     _npmVersion: '2.9.1',
166 silly install resolved     _nodeVersion: '0.12.3',
166 silly install resolved     _npmUser: { name: 'silvenon', email: 'matija.marohnic@gmail.com' },
166 silly install resolved     dist:
166 silly install resolved      { shasum: '00d92be01f6da8b52ef578ca150255735eac40f5',
166 silly install resolved        tarball: 'http://registry.npmjs.org/generator-webapp/-/generator-webapp-1.0.1.tgz' },
166 silly install resolved     maintainers:
166 silly install resolved      [ [Object],
166 silly install resolved        [Object],
166 silly install resolved        [Object],
166 silly install resolved        [Object],
166 silly install resolved        [Object],
166 silly install resolved        [Object],
166 silly install resolved        [Object] ],
166 silly install resolved     directories: {},
166 silly install resolved     _resolved: 'https://registry.npmjs.org/generator-webapp/-/generator-webapp-1.0.1.tgz' } ]
167 info install generator-bootstrap@0.2.1 into /usr/local/lib
168 info install generator-shower@0.2.4 into /usr/local/lib
169 info install generator-angularjs@1.0.0 into /usr/local/lib
170 info install generator-mocha@0.2.0 into /usr/local/lib
171 info install generator-webapp@1.0.1 into /usr/local/lib
172 info installOne generator-bootstrap@0.2.1
173 verbose installOne of generator-bootstrap to /usr/local/lib not in flight; installing
174 info installOne generator-shower@0.2.4
175 verbose installOne of generator-shower to /usr/local/lib not in flight; installing
176 info installOne generator-angularjs@1.0.0
177 verbose installOne of generator-angularjs to /usr/local/lib not in flight; installing
178 info installOne generator-mocha@0.2.0
179 verbose installOne of generator-mocha to /usr/local/lib not in flight; installing
180 info installOne generator-webapp@1.0.1
181 verbose installOne of generator-webapp to /usr/local/lib not in flight; installing
182 verbose lock using /home/fxdapokalypse/.npm/_locks/generator-bootstrap-06b4c433b9132b0c.lock for /usr/local/lib/node_modules/generator-bootstrap
183 verbose lock using /home/fxdapokalypse/.npm/_locks/generator-shower-38a5bc0dbe5b49d0.lock for /usr/local/lib/node_modules/generator-shower
184 silly install write writing generator-bootstrap 0.2.1 to /usr/local/lib/node_modules/generator-bootstrap
185 silly install write writing generator-shower 0.2.4 to /usr/local/lib/node_modules/generator-shower
186 verbose unbuild lib/node_modules/generator-bootstrap
187 verbose unbuild lib/node_modules/generator-shower
188 verbose lock using /home/fxdapokalypse/.npm/_locks/generator-angularjs-1e9abb170096cf47.lock for /usr/local/lib/node_modules/generator-angularjs
189 verbose lock using /home/fxdapokalypse/.npm/_locks/generator-mocha-61e557bff6e23a34.lock for /usr/local/lib/node_modules/generator-mocha
190 verbose lock using /home/fxdapokalypse/.npm/_locks/generator-webapp-9b485c3ef99446bb.lock for /usr/local/lib/node_modules/generator-webapp
191 silly install write writing generator-angularjs 1.0.0 to /usr/local/lib/node_modules/generator-angularjs
192 silly install write writing generator-mocha 0.2.0 to /usr/local/lib/node_modules/generator-mocha
193 silly install write writing generator-webapp 1.0.1 to /usr/local/lib/node_modules/generator-webapp
194 info preuninstall generator-bootstrap@0.2.1
195 info preuninstall generator-shower@0.2.4
196 info uninstall generator-bootstrap@0.2.1
197 info uninstall generator-shower@0.2.4
198 verbose unbuild lib/node_modules/generator-angularjs
199 verbose unbuild lib/node_modules/generator-mocha
200 verbose unbuild lib/node_modules/generator-webapp
201 verbose unbuild rmStuff generator-bootstrap@0.2.1 from /usr/local/lib/node_modules
202 info postuninstall generator-bootstrap@0.2.1
203 verbose unbuild rmStuff generator-shower@0.2.4 from /usr/local/lib/node_modules
204 info postuninstall generator-shower@0.2.4
205 silly gentlyRm /usr/local/lib/node_modules/generator-bootstrap is being purged from base /usr/local
206 verbose gentlyRm don't care about contents; nuking /usr/local/lib/node_modules/generator-bootstrap
207 silly gentlyRm /usr/local/lib/node_modules/generator-shower is being purged from base /usr/local
208 verbose gentlyRm don't care about contents; nuking /usr/local/lib/node_modules/generator-shower
209 silly vacuum-fs purging /usr/local/lib/node_modules/generator-bootstrap
210 silly vacuum-fs purging /usr/local/lib/node_modules/generator-shower
211 verbose unlock done using /home/fxdapokalypse/.npm/_locks/generator-bootstrap-06b4c433b9132b0c.lock for /usr/local/lib/node_modules/generator-bootstrap
212 verbose unlock done using /home/fxdapokalypse/.npm/_locks/generator-shower-38a5bc0dbe5b49d0.lock for /usr/local/lib/node_modules/generator-shower
213 info preuninstall generator-angularjs@1.0.0
214 info uninstall generator-angularjs@1.0.0
215 verbose unbuild rmStuff generator-angularjs@1.0.0 from /usr/local/lib/node_modules
216 info postuninstall generator-angularjs@1.0.0
217 silly gentlyRm /usr/local/lib/node_modules/generator-angularjs is being purged from base /usr/local
218 verbose gentlyRm don't care about contents; nuking /usr/local/lib/node_modules/generator-angularjs
219 silly vacuum-fs purging /usr/local/lib/node_modules/generator-angularjs
220 verbose unlock done using /home/fxdapokalypse/.npm/_locks/generator-angularjs-1e9abb170096cf47.lock for /usr/local/lib/node_modules/generator-angularjs
221 info preuninstall generator-mocha@0.1.6
222 info uninstall generator-mocha@0.1.6
223 verbose unbuild rmStuff generator-mocha@0.1.6 from /usr/local/lib/node_modules
224 info postuninstall generator-mocha@0.1.6
225 silly gentlyRm /usr/local/lib/node_modules/generator-mocha is being purged from base /usr/local
226 verbose gentlyRm don't care about contents; nuking /usr/local/lib/node_modules/generator-mocha
227 silly vacuum-fs purging /usr/local/lib/node_modules/generator-mocha
228 verbose unlock done using /home/fxdapokalypse/.npm/_locks/generator-mocha-61e557bff6e23a34.lock for /usr/local/lib/node_modules/generator-mocha
229 info preuninstall generator-webapp@0.5.1
230 info uninstall generator-webapp@0.5.1
231 verbose unbuild rmStuff generator-webapp@0.5.1 from /usr/local/lib/node_modules
232 info postuninstall generator-webapp@0.5.1
233 silly gentlyRm /usr/local/lib/node_modules/generator-webapp is being purged from base /usr/local
234 verbose gentlyRm don't care about contents; nuking /usr/local/lib/node_modules/generator-webapp
235 silly vacuum-fs purging /usr/local/lib/node_modules/generator-webapp
236 verbose unlock done using /home/fxdapokalypse/.npm/_locks/generator-webapp-9b485c3ef99446bb.lock for /usr/local/lib/node_modules/generator-webapp
237 verbose stack Error: EACCES, rmdir '/usr/local/lib/node_modules/generator-bootstrap'
237 verbose stack     at Error (native)
238 verbose cwd /home/fxdapokalypse/Documents/Uni/04_Web/Aufgabe6
239 error Linux 3.19.0-22-generic
240 error argv "node" "/usr/local/bin/npm" "install" "-g" "generator-angularjs" "generator-bootstrap" "generator-shower" "generator-webapp" "generator-mocha"
241 error node v0.12.2
242 error npm  v2.8.3
243 error path /usr/local/lib/node_modules/generator-bootstrap
244 error code EACCES
245 error errno -13
246 error Error: EACCES, rmdir '/usr/local/lib/node_modules/generator-bootstrap'
246 error     at Error (native)
246 error  { [Error: EACCES, rmdir '/usr/local/lib/node_modules/generator-bootstrap']
246 error   errno: -13,
246 error   code: 'EACCES',
246 error   path: '/usr/local/lib/node_modules/generator-bootstrap' }
247 error Please try running this command again as root/Administrator.
248 verbose exit [ -13, true ]
249 verbose unbuild lib/node_modules/generator-bootstrap
250 info preuninstall generator-bootstrap@0.2.1
251 info uninstall generator-bootstrap@0.2.1
252 verbose unbuild rmStuff generator-bootstrap@0.2.1 from /usr/local/lib/node_modules
253 info postuninstall generator-bootstrap@0.2.1
254 silly gentlyRm /usr/local/lib/node_modules/generator-bootstrap is being purged from base /usr/local
255 verbose gentlyRm don't care about contents; nuking /usr/local/lib/node_modules/generator-bootstrap
256 silly vacuum-fs purging /usr/local/lib/node_modules/generator-bootstrap
257 error error rolling back Error: EACCES, rmdir '/usr/local/lib/node_modules/generator-bootstrap'
257 error error rolling back     at Error (native)
257 error error rolling back  { [Error: EACCES, rmdir '/usr/local/lib/node_modules/generator-bootstrap']
257 error error rolling back   errno: -13,
257 error error rolling back   code: 'EACCES',
257 error error rolling back   path: '/usr/local/lib/node_modules/generator-bootstrap' }
